commit 577df32b71f2325cb3c5b68bb36a0934d64f856f
Author: Jerome Martinez <jerome.e.martinez@gmail.com>
Date:   Mon Jul 16 19:40:37 2012 -0500

    added essay

commit 8aa4eac20dd225ca5d21107a0b738ac92af622a4
Author: Jerome Martinez <jerome.e.martinez@gmail.com>
Date:   Mon Jul 16 17:55:58 2012 -0500

    fixed testing?????

commit 49d07a3fd89d7f98a3e91670a39346b4d3122591
Author: Jerome Martinez <jerome.e.martinez@gmail.com>
Date:   Mon Jul 16 17:46:11 2012 -0500

    deleted conflicting files in master

commit 23f78d6b4363dc2a5cf13f30c0bdb1bb637a1550
Merge: 385ada4 8de2e65
Author: Jerome Martinez <jerome.e.martinez@gmail.com>
Date:   Mon Jul 16 17:40:00 2012 -0500

    merge wc2-tests

commit 8de2e656bf6c9a3fc4bc6f8fca4d2c2ed8f847a2
Author: Jerome Martinez <jerome.e.martinez@gmail.com>
Date:   Mon Jul 16 17:33:59 2012 -0500

    added checks to parseXML

commit 2483c965a83a4ece0d059a58b4deefdff8ec69b5
Author: Jerome Martinez <jerome.e.martinez@gmail.com>
Date:   Mon Jul 16 17:14:30 2012 -0500

    added parse tests files

commit 64969dfd5b8c4d5ec46d7bd92c006fa99f604920
Author: Jerome Martinez <jerome.e.martinez@gmail.com>
Date:   Mon Jul 16 17:12:41 2012 -0500

    unit tests added

commit 4116d052223a4b657a67a37bd4abaa8f70559008
Author: Jerome Martinez <jerome.e.martinez@gmail.com>
Date:   Mon Jul 16 17:00:47 2012 -0500

    link_values in mainhandler.py

commit 5c5b42ed077e24216ffc1f0f0ea7cf3db393a119
Author: Jerome Martinez <jerome.e.martinez@gmail.com>
Date:   Mon Jul 16 16:57:54 2012 -0500

    added unit tests

commit 385ada436aee9bd5a57fe34c8f96be378ca17cd1
Merge: 5580a00 9ee4a42
Author: Michael Pace <mpace1027@gmail.com>
Date:   Mon Jul 16 16:41:34 2012 -0500

    Merge branch 'master' of https://github.com/jromeem/cs373-wc

commit 5580a00296e4abad6cd41614d773e4cbba86833a
Author: Michael Pace <mpace1027@gmail.com>
Date:   Mon Jul 16 16:41:17 2012 -0500

    added history to crisis template

commit 9ee4a4272bfb7ad84250a7c055361884fd374786
Merge: b3bac51 8f7c98d
Author: Harrison He <gold831@wireless-128-62-102-201.public.utexas.edu>
Date:   Mon Jul 16 16:31:42 2012 -0500

    Merge branch 'master' of github.com:jromeem/cs373-wc

commit b3bac51cd61a12a122e698cfac04e401b350619e
Author: Harrison He <gold831@wireless-128-62-102-201.public.utexas.edu>
Date:   Mon Jul 16 16:31:16 2012 -0500

    test update

commit 8f7c98d961e40e72075d7b512490da71303e9b51
Author: Jerome Martinez <jerome.e.martinez@gmail.com>
Date:   Mon Jul 16 16:31:01 2012 -0500

    added TestWC2.py

commit 9aed74fc110f870788d153a4d05177a387f48144
Author: Harrison He <gold831@wireless-128-62-102-201.public.utexas.edu>
Date:   Mon Jul 16 16:30:46 2012 -0500

    test update

commit a698ba1171cdbbd7515df989b6b060479d703491
Author: Jerome Martinez <jerome.e.martinez@gmail.com>
Date:   Mon Jul 16 13:20:54 2012 -0500

    template values for links in helper method

commit e501a15242f2d02d2bd81fe0f84b770a3493cdc8
Merge: 2fea3cf a418b40
Author: Jerome Martinez <jerome.e.martinez@gmail.com>
Date:   Mon Jul 16 13:02:56 2012 -0500

    Merge branch 'master' of github.com:jromeem/cs373-wc

commit 2fea3cfb8899a4305aa05af8425a7748b2a529c8
Author: Jerome Martinez <jerome.e.martinez@gmail.com>
Date:   Mon Jul 16 13:02:40 2012 -0500

    testing tests lol

commit a418b405530a1235ea8d962fa78ed467ae57acca
Author: Harrison He <gold831@Jinqing-HuangmatoMacBook-Pro.local>
Date:   Mon Jul 16 00:00:19 2012 -0500

    fix noneurl xml, added option to not check URLs in import

commit 3634b37a327b30b1ab77ae7e18821ee0b1560c95
Author: Michael Pace <mpace1027@gmail.com>
Date:   Sat Jul 14 16:29:22 2012 -0500

    minor change to import page

commit cfd642fcb0c5f19294d4c6b80d457a3402eeb39b
Merge: 6cebd4c 3125e23
Author: Michael Pace <mpace1027@gmail.com>
Date:   Sat Jul 14 15:37:38 2012 -0500

    Merge branch 'master' of https://github.com/jromeem/cs373-wc

commit 6cebd4c21c3e3600b1522cde7e70ac94781775e8
Author: Michael Pace <mpace1027@gmail.com>
Date:   Sat Jul 14 15:37:17 2012 -0500

    fixed order of link export

commit 3125e23f825dd6fc3ffe661d73612671696aa10a
Author: joe <joe@joe-K53U.(none)>
Date:   Sat Jul 14 15:32:50 2012 -0500

    import from url

commit f56ef445e9280d53d92c28960502631ff27a986c
Author: Jerome Martinez <jerome.e.martinez@gmail.com>
Date:   Sat Jul 14 06:41:55 2012 -0500

    import/xml validation testing

commit a8b4d8f72723104f49ab12561a75ff73e8c9fe29
Author: joe <joe@joe-K53U.(none)>
Date:   Thu Jul 12 20:22:47 2012 -0500

    fixes broken grablinks

commit 03f14edd3efd9df365f37501f80e20743d125cdd
Merge: 74f590d 878350b
Author: joe <joe@joe-K53U.(none)>
Date:   Thu Jul 12 19:49:13 2012 -0500

    Merge branch 'master' of https://github.com/jromeem/cs373-wc

commit 74f590d1d97971b320352c26edf7058ddb102e38
Author: joe <joe@joe-K53U.(none)>
Date:   Thu Jul 12 19:48:10 2012 -0500

    adds documentation

commit 878350b88d3cb7e142ef6c75a450f2a78206f684
Author: Harrison He <gold831@Jinqing-HuangmatoMacBook-Pro.local>
Date:   Thu Jul 12 19:41:01 2012 -0500

    image duplication fix2

commit e76427ac7a59e1b7e3797d721bad3f63bf636597
Merge: 5c37351 9a4d923
Author: Harrison He <gold831@Jinqing-HuangmatoMacBook-Pro.local>
Date:   Thu Jul 12 19:39:51 2012 -0500

    Merge branch 'master' of github.com:jromeem/cs373-wc

commit 5c3735141395170c665fd37492be3c84376ab711
Author: Harrison He <gold831@Jinqing-HuangmatoMacBook-Pro.local>
Date:   Thu Jul 12 19:39:45 2012 -0500

    image duplication fix

commit 9a4d923724c96d4f70d06a7c47323f551c8fda84
Author: Michael Pace <mpace1027@gmail.com>
Date:   Thu Jul 12 19:34:59 2012 -0500

    changed opacity

commit bcc6ccecc4208149ccf72352b6a6c2394d7ef7bf
Merge: 0c3f41e c9f8372
Author: Harrison He <gold831@Jinqing-HuangmatoMacBook-Pro.local>
Date:   Thu Jul 12 19:32:45 2012 -0500

    Merge branch 'master' of github.com:jromeem/cs373-wc

commit 0c3f41ea47c682399da84187c5c1c6d3bc786c21
Author: Harrison He <gold831@Jinqing-HuangmatoMacBook-Pro.local>
Date:   Thu Jul 12 19:32:38 2012 -0500

    image duplication fix

commit c9f8372efd1d34abe374e912ad690dffc9848d37
Author: Michael Pace <mpace1027@gmail.com>
Date:   Thu Jul 12 18:55:33 2012 -0500

    updated js, now broken images do not display

commit 9b5c48e62ac8033e886b118c16f88dbe788fcd35
Author: Harrison He <gold831@Jinqing-HuangmatoMacBook-Pro.local>
Date:   Thu Jul 12 18:39:43 2012 -0500

    broken image removal

commit b193ce172a21b7816cb3e88a3e4a699f3e32a4c5
Merge: 0eb3dd6 ca25615
Author: joe <joe@joe-K53U.(none)>
Date:   Thu Jul 12 17:07:41 2012 -0500

    Merge branch 'master' of https://github.com/jromeem/cs373-wc

commit 0eb3dd61396bda916321a79567bf66e093d73361
Author: joe <joe@joe-K53U.(none)>
Date:   Thu Jul 12 17:07:26 2012 -0500

    now works with or without fwdslash after directory name

commit ca2561581dff00e410c1b20ece362e0e15d76f49
Merge: b6d0e52 602b58c
Author: Michael Pace <mpace1027@gmail.com>
Date:   Thu Jul 12 16:50:52 2012 -0500

    Merge branch 'master' of https://github.com/jromeem/cs373-wc

commit b6d0e52c0861815fd9e5cd6011f26cf5a30a80d0
Author: Michael Pace <mpace1027@gmail.com>
Date:   Thu Jul 12 16:49:26 2012 -0500

    added an image to the instance and enabled multiple images on template pages

commit 602b58cbd4e1d2bc4c0626a901d3af697a9420d9
Author: joe <joe@joe-K53U.(none)>
Date:   Thu Jul 12 16:43:47 2012 -0500

    adds asserts to XMLHelpers.py

commit 9bc9133f227d9165773796a6095c771e511635fe
Merge: c11104a 6c8e204
Author: joe <joe@joe-K53U.(none)>
Date:   Thu Jul 12 16:25:03 2012 -0500

    Merge branch 'master' of https://github.com/jromeem/cs373-wc

commit c11104a4a078c8d5694cb8e81094a8ef3403d0eb
Author: joe <joe@joe-K53U.(none)>
Date:   Thu Jul 12 16:24:57 2012 -0500

    overwrite on imoport

commit 6c8e2048b6accc9fe8770a004379e7c0b956bd31
Author: Michael Pace <mpace1027@gmail.com>
Date:   Wed Jul 11 23:51:48 2012 -0500

    changed import page slightly

commit 2dcc9f918bf88b47fea2e8cdb76e78d9c366a414
Author: Michael Pace <mpace1027@gmail.com>
Date:   Wed Jul 11 23:45:34 2012 -0500

    improved appearance of import post page

commit c830819bd2a42819fd837d80a123b400cf63e92e
Author: Michael Pace <mpace1027@gmail.com>
Date:   Wed Jul 11 23:42:29 2012 -0500

    fixed import since i broke it earlier

commit a45ee9b14495b448f86f7bd198befc31af04cb8e
Author: Michael Pace <mpace1027@gmail.com>
Date:   Wed Jul 11 23:31:20 2012 -0500

    added title thing

commit b28d840ebb151753a3687c3baf917788a4bf732c
Author: Michael Pace <mpace1027@gmail.com>
Date:   Wed Jul 11 23:24:18 2012 -0500

    added info box on splash pages

commit 5c3ab546ed591e0aee9e4c1132a37eca6c116a41
Author: Michael Pace <mpace1027@gmail.com>
Date:   Wed Jul 11 23:15:11 2012 -0500

    a few more front-end changes

commit 999b3b576fc7cd1ac586f9f92667d5349b37a115
Author: Michael Pace <mpace1027@gmail.com>
Date:   Wed Jul 11 22:56:03 2012 -0500

    fixed weird firefox display issue.

commit ec363edf838c75f403c6fb512c0d74b7a1381052
Author: Michael Pace <mpace1027@gmail.com>
Date:   Wed Jul 11 22:53:18 2012 -0500

    fixed weird firefox compatibility issue

commit f531120f6f691f0a57d3f7bc5039c27dc833282a
Author: Michael Pace <mpace1027@gmail.com>
Date:   Wed Jul 11 22:38:54 2012 -0500

    minor image fade change

commit 716c9f53843fd8c13f581261c872ced86257636e
Author: Michael Pace <mpace1027@gmail.com>
Date:   Wed Jul 11 22:27:24 2012 -0500

    minified css

commit 54e13b50d72e359513aa998c21e99334315cb682
Author: Michael Pace <mpace1027@gmail.com>
Date:   Wed Jul 11 22:20:29 2012 -0500

    major front-end changes!!!

commit abc367a90e420b8a7ff26be9d7ae7a3c2b2a80b0
Author: Michael Pace <mpace1027@gmail.com>
Date:   Wed Jul 11 22:19:29 2012 -0500

    major front-end changes!!!

commit 93a2e8331fae53ada968a99a434adf819bbff40e
Merge: c47ff91 a9b7216
Author: Michael Pace <mpace1027@gmail.com>
Date:   Wed Jul 11 18:02:02 2012 -0500

    Merge branch 'master' of https://github.com/jromeem/cs373-wc

commit a9b72160e7ab9f823e1d31764b68e8af52a5e017
Merge: bef82c0 4c7212a
Author: joe <joe@joe-K53U.(none)>
Date:   Wed Jul 11 18:01:04 2012 -0500

    Merge branch 'master' of https://github.com/jromeem/cs373-wc

commit c47ff91e8d93d394f164aaa6ac31ae4a9e70a075
Author: Michael Pace <mpace1027@gmail.com>
Date:   Wed Jul 11 17:34:17 2012 -0500

    various front-end updates

commit bef82c0ab2b4703bb1e8ac80dcd1b10bba478c3a
Author: joe <joe@joe-K53U.(none)>
Date:   Wed Jul 11 17:34:04 2012 -0500

    unit tests preserve datastore

commit 5a2b3c04abe931615a3b8012f6e735cd70dcd264
Author: Michael Pace <mpace1027@gmail.com>
Date:   Wed Jul 11 16:30:43 2012 -0500

    removed css folder

commit 4c7212a036a9cf1213ce960c75c0e3e4adfc1a67
Author: Harrison He <gold831@Jinqing-HuangmatoMacBook-Pro.local>
Date:   Wed Jul 11 01:01:06 2012 -0500

    humanize numbers

commit dfe7747d7cfe474924a66a4b0cf0451f5a2b33d1
Author: Harrison He <gold831@Jinqing-HuangmatoMacBook-Pro.local>
Date:   Wed Jul 11 00:14:48 2012 -0500

    template logic updates

commit 14dc527388a979e54adadc0c9c954d36d8e9bd1a
Author: Harrison He <gold831@Jinqing-HuangmatoMacBook-Pro.local>
Date:   Tue Jul 10 22:27:46 2012 -0500

    crisis none->empty

commit 45d9f9b4b7b931dd5a05f621e823173733745a47
Merge: 1fc6365 fcfa86c
Author: Harrison He <gold831@Jinqing-HuangmatoMacBook-Pro.local>
Date:   Tue Jul 10 20:12:42 2012 -0500

    Merge branch 'master' of github.com:jromeem/cs373-wc

commit 1fc6365cda387393c5a535f65a8956f83d1ab392
Author: Harrison He <gold831@Jinqing-HuangmatoMacBook-Pro.local>
Date:   Tue Jul 10 20:12:23 2012 -0500

    orgs,people none->empty

commit fcfa86cb6f4d64267583888ebcdad2c03578818c
Author: joe <joe@joe-K53U.(none)>
Date:   Tue Jul 10 20:05:29 2012 -0500

    fixed export xml

commit 97f222f3cb4c3f832451988692ad23f07fa54e99
Merge: cdb912d 7d10be0
Author: Jerome Martinez <jerome.e.martinez@gmail.com>
Date:   Tue Jul 10 19:56:40 2012 -0500

    Merge branch 'master' of github.com:jromeem/cs373-wc

commit cdb912ded79ae108dc70663574a9c84a94189838
Author: Jerome Martinez <jerome.e.martinez@gmail.com>
Date:   Tue Jul 10 19:56:13 2012 -0500

    delete testModels

commit 7d10be0db73e7bb6d40a46eb06314d254b42ddf4
Author: Michael Pace <mpace1027@gmail.com>
Date:   Tue Jul 10 19:54:55 2012 -0500

    mainhandler update

commit e36d0c0f6826fccdbccebd450d48efef49c1d972
Merge: ea33ec9 0b6de88
Author: Michael Pace <mpace1027@gmail.com>
Date:   Tue Jul 10 19:53:14 2012 -0500

    Merge branch 'master' of https://github.com/jromeem/cs373-wc

commit ea33ec9d10b6be209332e85a98b72f1c74ec9b83
Author: Michael Pace <mpace1027@gmail.com>
Date:   Tue Jul 10 19:53:04 2012 -0500

    mainhandler update

commit 0b6de8860334b4dfe4688b72b7fc98ecca475426
Author: Jerome Martinez <jerome.e.martinez@gmail.com>
Date:   Tue Jul 10 19:50:28 2012 -0500

    updated templates

commit 763ffa4f5b6b194ed2b0caf0fecf9de46d761a09
Merge: 420b19d d34a17c
Author: Jerome Martinez <jerome.e.martinez@gmail.com>
Date:   Tue Jul 10 19:48:23 2012 -0500

    Merge branch 'master' of github.com:jromeem/cs373-wc

commit 420b19dc33150ba64669f9a812602fcdf7535826
Author: Jerome Martinez <jerome.e.martinez@gmail.com>
Date:   Tue Jul 10 19:48:04 2012 -0500

    updated templates again

commit d34a17c1461fe9a30fd08f90a1bfebd1394c0119
Author: joe <joe@joe-K53U.(none)>
Date:   Tue Jul 10 19:48:01 2012 -0500

    fixed tests and XMLHelpers

commit 6f0bad0d27eff471d52097d8cce2b6927ea4ba21
Merge: 30a2c1b 268070e
Author: Michael Pace <mpace1027@gmail.com>
Date:   Tue Jul 10 19:45:51 2012 -0500

    beginning to work on formatting

commit 30a2c1b24bfabcfc24219d6e3e41916027231b83
Author: Michael Pace <mpace1027@gmail.com>
Date:   Tue Jul 10 19:43:13 2012 -0500

    beginning to work on formatting

commit 268070e926b2303a45be0eced3855fdcbdc20bf6
Author: Jerome Martinez <jerome.e.martinez@gmail.com>
Date:   Tue Jul 10 18:56:27 2012 -0500

    navigation updated

commit 67bc8de5dfe89bc1499e6e69ed0c929c7f7203a6
Merge: 4baaa20 4bdd571
Author: Jerome Martinez <jerome.e.martinez@gmail.com>
Date:   Tue Jul 10 18:49:59 2012 -0500

    Merge branch 'master' of github.com:jromeem/cs373-wc

commit 4baaa20234d2c55c6bd7b65d846f87c12020b0f1
Author: Jerome Martinez <jerome.e.martinez@gmail.com>
Date:   Tue Jul 10 18:49:40 2012 -0500

    orgs template updated

commit 4bdd5713658a8ece78d990cd09f59e9bc187110d
Merge: d89c241 4445497
Author: joe <joe@joe-K53U.(none)>
Date:   Tue Jul 10 18:45:46 2012 -0500

    Merge branch 'master' of https://github.com/jromeem/cs373-wc

commit d89c2412caccfb92cabf89f0a26f541408e4c6df
Author: joe <joe@joe-K53U.(none)>
Date:   Tue Jul 10 18:45:25 2012 -0500

    working on unit tests

commit 4445497dde5bc2935c9160642a6a0b854e7ecf69
Author: Harrison He <gold831@Jinqing-HuangmatoMacBook-Pro.local>
Date:   Tue Jul 10 18:42:05 2012 -0500

    ppl template refs2

commit 2292595cc5b8e1367dc17a2d2416545a4ad64faf
Merge: 7c8c2e4 aa6f0b3
Author: Jerome Martinez <jerome.e.martinez@gmail.com>
Date:   Tue Jul 10 18:15:36 2012 -0500

    Merge branch 'master' of github.com:jromeem/cs373-wc

commit 7c8c2e45997e0b0e2dcc5567797608e9f1a75adc
Author: Jerome Martinez <jerome.e.martinez@gmail.com>
Date:   Tue Jul 10 18:15:25 2012 -0500

    id/refs again

commit aa6f0b341cb2cf965a2cfdea5ec315d6816a8784
Merge: 3d1ad72 9e4bdde
Author: Harrison He <gold831@Jinqing-HuangmatoMacBook-Pro.local>
Date:   Tue Jul 10 18:11:26 2012 -0500

    Merge branch 'master' of github.com:jromeem/cs373-wc

commit 3d1ad7234711e8ba677ceaa3e7e65278f9224020
Author: Harrison He <gold831@Jinqing-HuangmatoMacBook-Pro.local>
Date:   Tue Jul 10 18:11:12 2012 -0500

    ppl template refs

commit 9e4bdde223001ef5eb997c30a8ef0965fd362696
Merge: ce82b0f e2eae52
Author: Jerome Martinez <jerome.e.martinez@gmail.com>
Date:   Tue Jul 10 18:09:42 2012 -0500

    Merge branch 'master' of github.com:jromeem/cs373-wc

commit ce82b0f15a93cb9c67ef18b260ced813ebd167eb
Author: Jerome Martinez <jerome.e.martinez@gmail.com>
Date:   Tue Jul 10 18:08:49 2012 -0500

    updated crises template with id/idrefs

commit e2eae525f6a38c0404a2a2f6276ff28097f9af78
Merge: c038661 c9d6196
Author: andyhsu <andyhsu@vegrandis.(none)>
Date:   Tue Jul 10 17:12:25 2012 -0500

    added org template

commit c038661468eb650abf142372a2e07ffb689246cb
Author: andyhsu <andyhsu@vegrandis.(none)>
Date:   Tue Jul 10 17:07:46 2012 -0500

    added org template

commit c9d6196afa3e8f70a672837b67d16bcf97ba034e
Merge: 5d8b714 aeb8a9e
Author: joe <joe@joe-K53U.(none)>
Date:   Tue Jul 10 17:04:32 2012 -0500

    Merge branch 'master' of https://github.com/jromeem/cs373-wc

commit 5d8b7147258ae8a4548dc7e85d67e720b3664b3b
Author: joe <joe@joe-K53U.(none)>
Date:   Tue Jul 10 17:04:11 2012 -0500

    re-added test files

commit aeb8a9e2cc2d4d841fda8c1f52c24fab436fa938
Author: Harrison He <gold831@Jinqing-HuangmatoMacBook-Pro.local>
Date:   Tue Jul 10 16:45:45 2012 -0500

    ppl template

commit 1438b754825e399a6ac3620a7c26911a2ffc7f5d
Merge: 122411e 03e218d
Author: joe <joe@joe-K53U.(none)>
Date:   Tue Jul 10 16:26:43 2012 -0500

    merge

commit 122411e9d38941f20cc259baaf656acc5f7677e1
Author: joe <joe@joe-K53U.(none)>
Date:   Tue Jul 10 16:19:16 2012 -0500

    dynamic main page

commit 685d0b4dc158d92bc042079ee6d6b321398c2b41
Author: joe <joe@joe-K53U.(none)>
Date:   Tue Jul 10 16:15:26 2012 -0500

    dynamic main page

commit 03e218d80df163958bf18d30e8bcb49a55034b35
Author: Harrison He <gold831@Jinqing-HuangmatoMacBook-Pro.local>
Date:   Tue Jul 10 15:48:31 2012 -0500

    ppl org splash template

commit 0c3b7571891a9cfa88e80224a77137c99b7fef0a
Author: Jerome Martinez <jerome.e.martinez@gmail.com>
Date:   Tue Jul 10 00:47:13 2012 -0500

    updated crisis template, still need id/idref and non-primary images

commit 1b4d3ea754a93157ffe1065f33f963db0a5c3363
Merge: 70adc27 e6c02bc
Author: Jerome Martinez <jerome.e.martinez@gmail.com>
Date:   Mon Jul 9 19:11:54 2012 -0500

    TEMPLARS

commit 70adc2792907e8f8b8b3a6c3633eaac9789b13e3
Author: Jerome Martinez <jerome.e.martinez@gmail.com>
Date:   Mon Jul 9 19:06:07 2012 -0500

    added crisis templar

commit e6c02bc031c6bcf40775c4893a6ab7b20b00d7ec
Author: Michael Pace <mpace1027@gmail.com>
Date:   Mon Jul 9 18:56:41 2012 -0500

    created extneral stylesheet

commit 20a9e7712dc68050586a3f027ce86413667e65fa
Author: Michael Pace <mpace1027@gmail.com>
Date:   Mon Jul 9 18:56:37 2012 -0500

    created extneral stylesheet

commit 923ed1ab1d88d6731fc8d33030f8447fad97ac85
Merge: 042a63d c47f758
Author: Michael Pace <mpace1027@gmail.com>
Date:   Mon Jul 9 18:49:35 2012 -0500

    Merge branch 'master' of https://github.com/jromeem/cs373-wc

commit 042a63da5beb673e8b2e36e4b8d264f2584828c7
Author: Michael Pace <mpace1027@gmail.com>
Date:   Mon Jul 9 18:49:25 2012 -0500

    fixed deployed version duplicate issue

commit c47f7584e52cdbbd7a8f631c73575055c682e595
Author: Harrison He <gold831@Jinqing-HuangmatoMacBook-Pro.local>
Date:   Mon Jul 9 18:42:04 2012 -0500

    crises splash template

commit 457989cc7a2a91e3e187fba6afd6739f04df80c5
Merge: 21197c6 fb30489
Author: joe <joe@joe-K53U.(none)>
Date:   Mon Jul 9 18:08:36 2012 -0500

    merge

commit 21197c6687f917642c42ad22650569ca4877b304
Author: joe <joe@joe-K53U.(none)>
Date:   Mon Jul 9 18:07:30 2012 -0500

    trash

commit fb304897a2f5c90563835df5466337d747afb420
Author: Michael Pace <mpace1027@gmail.com>
Date:   Mon Jul 9 18:06:55 2012 -0500

    filters out duplicates upon import

commit f79197b248510909bf1461ae4a007b17859a3604
Author: Jerome Martinez <jerome.e.martinez@gmail.com>
Date:   Mon Jul 9 17:13:55 2012 -0500

    using datastore now. lol.

commit 19ec99e41fb463765096ecb15ec130320b8e57e5
Merge: 31fdeed 6662f7b
Author: Jerome Martinez <jerome.e.martinez@gmail.com>
Date:   Mon Jul 9 16:27:31 2012 -0500

    Merge branch 'master' of github.com:jromeem/cs373-wc

commit 31fdeedc2135c2fa40523452e61204c493730caa
Author: Jerome Martinez <jerome.e.martinez@gmail.com>
Date:   Mon Jul 9 16:27:12 2012 -0500

    organized files

commit 6662f7bbfce9f4c628d63a8a3ae8c8745fce0269
Author: joe <joe@vbm13.(none)>
Date:   Sun Jul 8 22:03:04 2012 -0500

    *** empty log message ***

commit 372e2aebb62747d7e73192e44e40b68274780a96
Author: joe <joe@joe-K53U.(none)>
Date:   Mon Jul 2 19:56:15 2012 -0500

    sasa

commit 1830f0f80440f6349377675e474134573187a79d
Author: joe <joe@joe-K53U.(none)>
Date:   Mon Jul 2 19:53:27 2012 -0500

    yeaaaaaaa

commit 78d547777cd3dedf18f8e5691ba465cec4e6cddb
Merge: 7f652be c9414ed
Author: joe <joe@joe-K53U.(none)>
Date:   Mon Jul 2 19:46:14 2012 -0500

    raaaaaaas

commit 7f652beced375e44ff8b3dddcd1e72710693fb72
Author: joe <joe@joe-K53U.(none)>
Date:   Mon Jul 2 19:44:26 2012 -0500

    raaaaaaa

commit c9414ed44fab0193c18f014c43c540fee561d3af
Merge: 860a476 91beea3
Author: Jerome Martinez <jerome.e.martinez@gmail.com>
Date:   Mon Jul 2 19:41:38 2012 -0500

    Merge branch 'master' of github.com:jromeem/cs373-wc

commit 860a476acac5dfafc155296f8ad850c3c562bacb
Merge: 52596a3 b642e78
Author: Jerome Martinez <jerome.e.martinez@gmail.com>
Date:   Mon Jul 2 19:40:23 2012 -0500

    fixed unit tests

commit 91beea31fef651c74836d37cc58c899ced655d30
Author: Andy Hsu <cs.utexas.edu>
Date:   Mon Jul 2 19:34:36 2012 -0500

    updated readme

commit c8b31ccab68c43f6601ab02d5bdf56a8c0221bd1
Author: joe <joe@joe-K53U.(none)>
Date:   Mon Jul 2 19:30:20 2012 -0500

    fsafas

commit 52596a37f7ecb0134828da09edcc12e3a26185e2
Author: Jerome Martinez <jerome.e.martinez@gmail.com>
Date:   Mon Jul 2 19:26:01 2012 -0500

    import unit tests

commit 2f6abd45ab7600bf2d827e8933911d2d75b1390a
Merge: 63bce9e b642e78
Author: joe <joe@joe-K53U.(none)>
Date:   Mon Jul 2 19:20:05 2012 -0500

    Merge branch 'master' of https://github.com/jromeem/cs373-wc

commit 63bce9ee6d760e82272cfc72a1ac87e8fd841f09
Author: joe <joe@joe-K53U.(none)>
Date:   Mon Jul 2 19:19:57 2012 -0500

    comments

commit b642e782c9a6cc525f495c687ade59d8eeb239fa
Author: Justin Salazar <jrsalazar89@gmail.com>
Date:   Mon Jul 2 19:19:29 2012 -0500

    finished crisis external

commit 8644bd4630c239e6f35d0f46615ecdf17d3f729b
Merge: b2b4d1e 15f3a45
Author: joe <joe@joe-K53U.(none)>
Date:   Mon Jul 2 19:11:37 2012 -0500

    merge

commit b2b4d1e2004e6f4478f70ed1cf7cfa12998da690
Author: joe <joe@joe-K53U.(none)>
Date:   Mon Jul 2 19:08:07 2012 -0500

    raaaaaa

commit 15f3a4571e144766a6016fb36c603da99099659c
Merge: 026ef5f 8f08a70
Author: Justin Salazar <jrsalazar89@gmail.com>
Date:   Mon Jul 2 18:55:40 2012 -0500

    Merge branch 'master' of https://github.com/jromeem/cs373-wc

commit 026ef5f143a210236062725d4cd89d712c0c1464
Merge: 44e9c0b 450a8da
Author: Justin Salazar <jrsalazar89@gmail.com>
Date:   Mon Jul 2 18:55:30 2012 -0500

    Merge

commit 8f08a704adb67a2a9c52932acc5011896b92c5a5
Merge: d4bf0c8 450a8da
Author: joe <joe@joe-K53U.(none)>
Date:   Mon Jul 2 18:53:45 2012 -0500

    fuuuuuuuu more pycs

commit d4bf0c845e85c7a70ba3dd1faa7d1aa98490c3d5
Author: joe <joe@joe-K53U.(none)>
Date:   Mon Jul 2 18:51:39 2012 -0500

    goddamnit andy

commit 450a8da15a875900732a27705d66164f3e2bbaee
Merge: b6c1d24 7cb6fd0
Author: andyhsu <andyhsu@vegrandis.(none)>
Date:   Mon Jul 2 18:50:31 2012 -0500

    Merge branch 'master' of https://github.com/jromeem/cs373-wc

commit 7cb6fd0baba44f70807e4c92e235ddc26b8a72f6
Merge: 0616fbf 48453d1
Author: Michael Pace <mpace1027@gmail.com>
Date:   Mon Jul 2 18:50:12 2012 -0500

    Merge branch 'master' of https://github.com/jromeem/cs373-wc

commit 0616fbf6dedb776c99060e1b4523cbff3229a382
Author: Michael Pace <mpace1027@gmail.com>
Date:   Mon Jul 2 18:49:48 2012 -0500

    added .gitignore file

commit b6c1d24edaf9b49128eecee759dc2ac2c31c9872
Merge: 38f43ce aabcba5
Author: andyhsu <andyhsu@vegrandis.(none)>
Date:   Mon Jul 2 18:49:40 2012 -0500

    fixed again

commit 48453d168ad33fd655ea7b5697019c77cbfd01f3
Author: Harrison He <gold831@wireless-198-213-211-234.public.utexas.edu>
Date:   Mon Jul 2 18:48:11 2012 -0500

    add test xmls

commit 44e9c0b99c0a09693f440495cd3c8de6f443f82f
Author: Justin Salazar <jrsalazar89@gmail.com>
Date:   Mon Jul 2 18:47:31 2012 -0500

    Fixed crisis ext test

commit 38f43ce83877841746e1bfaf7a1c9c628d0a2b64
Merge: efeb1d7 8ec2268
Author: andyhsu <andyhsu@vegrandis.(none)>
Date:   Mon Jul 2 18:47:13 2012 -0500

    fixed some more crap

commit aabcba5a86bf64130ef7e7146987503ac30d0cca
Author: Michael Pace <mpace1027@gmail.com>
Date:   Mon Jul 2 18:45:05 2012 -0500

    updated asserts

commit 12be2a46a786dd298edc8bf5c0ba12e3432da34a
Author: Michael Pace <mpace1027@gmail.com>
Date:   Mon Jul 2 18:37:53 2012 -0500

    grablinks test

commit 830ee6c38844e1fd0af139e96dcbb99d98536e2a
Merge: 2d59f66 8ec2268
Author: Michael Pace <mpace1027@gmail.com>
Date:   Mon Jul 2 18:36:26 2012 -0500

    Merge branch 'master' of https://github.com/jromeem/cs373-wc

commit 384075abb79e67b87d42414aac9e06751d491ddf
Author: joe <joe@joe-K53U.(none)>
Date:   Mon Jul 2 18:34:13 2012 -0500

    another links test

commit efeb1d7f0b7b6381329a5c33ee28c4a779eadb7e
Author: andyhsu <andyhsu@vegrandis.(none)>
Date:   Mon Jul 2 18:32:37 2012 -0500

    Fixed org tests

commit 2d59f6623b91fb5bd32c840cc9efc7a83bb9ecae
Author: Michael Pace <mpace1027@gmail.com>
Date:   Mon Jul 2 18:31:29 2012 -0500

    grabLinks unit tests

commit 8ec22683953e0fde6bfdf5c2a45fa1ba0b3fc0f1
Merge: 1bcda2d c896f7c
Author: joe <joe@joe-K53U.(none)>
Date:   Mon Jul 2 18:25:05 2012 -0500

    merge

commit 1bcda2de51b926162e07459db75ea523479e8fe2
Author: joe <joe@joe-K53U.(none)>
Date:   Mon Jul 2 18:19:49 2012 -0500

    exportlinks test

commit c896f7cf8025246b5c3bd3ee742bdb0597705067
Merge: 2ed0615 b607c43
Author: andyhsu <andyhsu@vegrandis.(none)>
Date:   Mon Jul 2 18:05:41 2012 -0500

    added org tests

commit 2ed06159512cada74747d089e9763a1b8cdf328e
Author: andyhsu <andyhsu@vegrandis.(none)>
Date:   Mon Jul 2 18:00:24 2012 -0500

    Completed buildorg tests

commit b607c43fdf6419076ed33f1b9990dfeb29aeb0cb
Merge: 64ec669 2caeebb
Author: joe <joe@joe-K53U.(none)>
Date:   Mon Jul 2 17:38:58 2012 -0500

    Merge branch 'master' of https://github.com/jromeem/cs373-wc

commit 64ec669adf59e250ca50670db8e5a6fdb4a1073e
Author: joe <joe@joe-K53U.(none)>
Date:   Mon Jul 2 17:38:31 2012 -0500

    tests...

commit 2caeebbdf27a9a85fed2f0588147482fbf6af1c5
Author: Michael Pace <mpace1027@gmail.com>
Date:   Mon Jul 2 17:37:52 2012 -0500

    changed link_url in Link class to StringProperty()

commit b3427917ea14384ea6895edb66d0a4be38a4e4e5
Author: joe <joe@joe-K53U.(none)>
Date:   Mon Jul 2 17:32:06 2012 -0500

    more tests

commit 96a02ed274bc1b8ba34cc7c5e808a0971ce52bc3
Author: joe <joe@joe-K53U.(none)>
Date:   Mon Jul 2 17:23:51 2012 -0500

    first test

commit 95c67a79f0728dc7f73f57a1e956eefc2fca7627
Merge: 323e449 b6db487
Author: joe <joe@joe-K53U.(none)>
Date:   Mon Jul 2 17:13:44 2012 -0500

    merged

commit 323e44975d74782ed5deb27934dadef164addcc2
Author: joe <joe@joe-K53U.(none)>
Date:   Mon Jul 2 17:11:21 2012 -0500

    adds test for buildperson

commit b6db4870ea41e7cc42f18a330173a8b3d9b1b874
Author: Jerome Martinez <jerome.e.martinez@gmail.com>
Date:   Mon Jul 2 17:09:03 2012 -0500

    tests for addperson()

commit fc47946b3c85ebabf5b55c7197159a33c5236f0a
Author: Harrison He <gold831@wireless-198-213-211-234.public.utexas.edu>
Date:   Mon Jul 2 17:01:57 2012 -0500

    instance test xmls

commit 1f4ece5cc0d6ead5f2b628ad01f1a784b23ece71
Merge: 8252aa1 3a59dd2
Author: Michael Pace <mpace1027@gmail.com>
Date:   Mon Jul 2 16:43:26 2012 -0500

    Merge branch 'master' of https://github.com/jromeem/cs373-wc

commit 8252aa15ba92e8000a7779a0add6c26d36fef8b9
Author: Michael Pace <mpace1027@gmail.com>
Date:   Mon Jul 2 16:43:09 2012 -0500

    fixed multiple copy export

commit 3a59dd24ce1b3232c0f2753cdea19269dc5a6041
Merge: 50da6b3 17999f9
Author: joe <joe@joe-K53U.(none)>
Date:   Mon Jul 2 16:38:52 2012 -0500

    fuuuuu pycs

commit 50da6b3944ad2c94a5e59e4fc0bf06edf6a8e6bf
Author: joe <joe@joe-K53U.(none)>
Date:   Mon Jul 2 16:35:56 2012 -0500

    add tests

commit 17999f9d5eb91ae53274fb8270ccb8069e101388
Author: Michael Pace <mpace1027@gmail.com>
Date:   Mon Jul 2 16:23:00 2012 -0500

    added loc to organization in export

commit 668c854a5bacb6859b09a0d33c8b69211eef95db
Merge: 5eccad1 0b25747
Author: Michael Pace <mpace1027@gmail.com>
Date:   Mon Jul 2 16:13:49 2012 -0500

    fixed export issues

commit 5eccad1b073c69ce6a99432b60e49113a39d5b70
Author: Michael Pace <mpace1027@gmail.com>
Date:   Mon Jul 2 16:12:48 2012 -0500

    fixed export issues

commit 0b25747905f6a1e542f23881891b0ed7ea54f0e3
Author: Harrison He <gold831@wireless-198-213-211-234.public.utexas.edu>
Date:   Mon Jul 2 16:02:37 2012 -0500

    instance creation

commit 4c3e0f03dfcf827cb12c8ebb513ec4cad4688f17
Merge: 20ea472 f903333
Author: Jerome Martinez <jerome.e.martinez@gmail.com>
Date:   Mon Jul 2 15:53:09 2012 -0500

    Merge branch 'master' of github.com:jromeem/cs373-wc

commit f903333a6bfa9e0e000ba382ce3c7966b560ee6b
Merge: 0b15483 a0c45e1
Author: Michael Pace <mpace1027@gmail.com>
Date:   Mon Jul 2 15:52:04 2012 -0500

    Merge branch 'master' of https://github.com/jromeem/cs373-wc

commit 0b154831684f648102753a066945b2e6fd9f46ea
Merge: fb0d358 cd071cd
Author: Michael Pace <mpace1027@gmail.com>
Date:   Mon Jul 2 15:51:35 2012 -0500

    imports and exports work in separate files

commit 20ea472e5f4352cb8f8c66fc2d84b6c7f3abe09a
Author: Jerome Martinez <jerome.e.martinez@gmail.com>
Date:   Mon Jul 2 15:50:15 2012 -0500

    fixed import functionality

commit a0c45e1c48d9db91dca6a2ef4b6ec3a8c49fb9cf
Author: joe <joe@joe-K53U.(none)>
Date:   Mon Jul 2 15:50:03 2012 -0500

    stubs for unit tests

commit fb0d3582b9c02d3337a3430f91448c0f482dc458
Author: Michael Pace <mpace1027@gmail.com>
Date:   Mon Jul 2 15:49:30 2012 -0500

    imports and exports work in separate files

commit cd071cd5d6bbbbd674263889e7afe93b436bc291
Merge: b8d475b dbbf190
Author: Jerome Martinez <jerome.e.martinez@gmail.com>
Date:   Mon Jul 2 15:43:08 2012 -0500

    Merge branch 'master' of github.com:jromeem/cs373-wc

commit b8d475b7db37b3155136ad99a5c726bd5f3d75ed
Author: Jerome Martinez <jerome.e.martinez@gmail.com>
Date:   Mon Jul 2 15:42:39 2012 -0500

    fixed parseXML

commit dbbf19044d3f68aa0e50bea37090a84b55736d97
Merge: f47bac5 0c77d3f
Author: andyhsu <andyhsu@vegrandis.(none)>
Date:   Mon Jul 2 15:39:08 2012 -0500

    Merge branch 'master' of https://github.com/jromeem/cs373-wc

commit 0c77d3f567b560edbe4ce69a8c97cd8478f4a361
Author: joe <joe@joe-K53U.(none)>
Date:   Mon Jul 2 15:38:32 2012 -0500

    removed unneeded pyc

commit f47bac569ff56fad508004e27202c4be523b621d
Author: andyhsu <andyhsu@vegrandis.(none)>
Date:   Mon Jul 2 15:38:25 2012 -0500

    delete again

commit cde748e0c4c848f792582e9b6570f47c7634fc14
Merge: 6f8ed0d 9a288ea
Author: Jerome Martinez <jerome.e.martinez@gmail.com>
Date:   Mon Jul 2 15:37:26 2012 -0500

    Merge branch 'master' of github.com:jromeem/cs373-wc

commit 6f8ed0db95e4477b306370b2a11c635a566008d0
Merge: 3ebf87f e61c8e0
Author: Jerome Martinez <jerome.e.martinez@gmail.com>
Date:   Mon Jul 2 15:36:09 2012 -0500

    Merge branch 'master' of github.com:jromeem/cs373-wc

commit 9a288eade47f924333cd455fb3a441486b9012f2
Merge: 57ca408 e61c8e0
Author: joe <joe@joe-K53U.(none)>
Date:   Mon Jul 2 15:35:57 2012 -0500

    Merge branch 'master' of https://github.com/jromeem/cs373-wc

commit 3ebf87f8106491ae19d782d449662508617b0e29
Author: Jerome Martinez <jerome.e.martinez@gmail.com>
Date:   Mon Jul 2 15:35:38 2012 -0500

    fixed exporting

commit 57ca40801e67036c167ca1f2c029a8e9beb290a9
Author: joe <joe@joe-K53U.(none)>
Date:   Mon Jul 2 15:35:38 2012 -0500

    back to separate import and export handlers

commit e61c8e0daa31ce58a64300fdab1a4cfbcf2c1a5a
Author: andyhsu <andyhsu@vegrandis.(none)>
Date:   Mon Jul 2 15:29:29 2012 -0500

    merged two versions of schemas

commit 78b74d2a1741289e0ba580c0cb2c6455484f189e
Merge: 259aecd 0114fbd
Author: Jerome Martinez <jerome.e.martinez@gmail.com>
Date:   Mon Jul 2 15:11:42 2012 -0500

    Merge branch 'master' of github.com:jromeem/cs373-wc

commit 259aecd84229e43cfa7a0baebcb1ed7811189f80
Author: Jerome Martinez <jerome.e.martinez@gmail.com>
Date:   Mon Jul 2 15:10:26 2012 -0500

    more refactoring???

commit 0114fbdbfe4f7affd20166f7e3d84879e212267c
Author: Andy Hsu <cs.utexas.edu>
Date:   Mon Jul 2 15:05:34 2012 -0500

    Fixed xml again

commit 790de64a68f240f31f45ec542ef726421e1f6a48
Author: Andy Hsu <cs.utexas.edu>
Date:   Mon Jul 2 14:49:06 2012 -0500

    Readjusted import/export and database to new schema

commit 441b05a55a8dc66027e9f6d515ea436ab0bd9016
Author: Andy Hsu <cs.utexas.edu>
Date:   Mon Jul 2 13:14:06 2012 -0500

    Added a validated version of googledoc schema and xml

commit 030942f6c7e49fad4a5e81c35b98a4081a4cded8
Author: Jerome Martinez <jerome.e.martinez@gmail.com>
Date:   Mon Jul 2 12:10:10 2012 -0500

    blah

commit bd2c476a9c9d2369ee64982670d0cbace99bd0a6
Author: Jerome Martinez <jerome.e.martinez@gmail.com>
Date:   Mon Jul 2 04:23:29 2012 -0500

    started updating our text data

commit e5f60465f57162d1304c7f645ddee3ff34aeb13e
Author: Jerome Martinez <jerome.e.martinez@gmail.com>
Date:   Sun Jul 1 21:30:45 2012 -0500

    updated log

commit 0bc48723ed751022346cbd6e1e7ecb758314eefc
Merge: d6487e4 a907220
Author: Jerome Martinez <jerome.e.martinez@gmail.com>
Date:   Sun Jul 1 21:27:26 2012 -0500

    merged?

commit d6487e4296fc54c97cdac71e0047e930e28ea35b
Merge: f325394 c2512d7
Author: Jerome Martinez <jerome.e.martinez@gmail.com>
Date:   Sun Jul 1 21:23:41 2012 -0500

    merged refactor to master

commit c2512d7e968c52ab1ccdc13c80c8c0c5f680c55e
Author: Jerome Martinez <jerome.e.martinez@gmail.com>
Date:   Sun Jul 1 20:49:53 2012 -0500

    various refactored files

commit a907220ff4303a83444ffa4a3cd7e9763f308bac
Author: joe <joe@vbm13.(none)>
Date:   Sun Jul 1 20:39:49 2012 -0500

    refactors export and import

commit b8ff668baad4c079e0c30d3a34d27d80cdc4be57
Author: Jerome Martinez <jerome.e.martinez@gmail.com>
Date:   Sun Jul 1 20:27:33 2012 -0500

    working refactored file: ImportExportHandler.py

commit 265a6ced20126f8a008585763d5cdc0ac4456a3f
Author: joe <joe@vbm13.(none)>
Date:   Sun Jul 1 19:08:27 2012 -0500

    begin refactoring to allow for unit tests

commit 4626fcb5c536672c6e71009c44a5a27ce35ee614
Author: Jerome Martinez <jerome.e.martinez@gmail.com>
Date:   Sun Jul 1 18:47:44 2012 -0500

    uneeded files

commit 94bb832b69438d5724ff3815bddde2a7c847bdaa
Author: joe <joe@vbm13.(none)>
Date:   Sun Jul 1 18:41:53 2012 -0500

    starting on unit tests

commit 8e2b3aee9d8810dd625004c01ce012004e936172
Author: joe <joe@vbm13.(none)>
Date:   Sun Jul 1 18:40:45 2012 -0500

    starting on unit tests

commit 8977ec16e1f1110fee45143f65f9e5b3204add8e
Author: Jerome Martinez <jerome.e.martinez@gmail.com>
Date:   Sun Jul 1 18:38:24 2012 -0500

    refactored import

commit f325394c98fc71efc35b6228a97bc7f809c75ae5
Author: joe <joe@vbm13.(none)>
Date:   Sun Jul 1 17:53:35 2012 -0500

    changes how link urls are handled

commit 32b1e1b35ae2d841980e3661bcfaca873451f12f
Author: joe <joe@vbm13.(none)>
Date:   Sun Jul 1 17:41:19 2012 -0500

    adds comments

commit 52ba48741b941798d154b6b8d84c4a95c8c8a2ae
Merge: fca4a21 b8f7141
Author: joe <joe@vbm13.(none)>
Date:   Sun Jul 1 17:25:04 2012 -0500

    Merge branch 'master' of https://github.com/jromeem/cs373-wc

commit fca4a211a471a554989801a2b15a48ebf66ee35c
Author: joe <joe@vbm13.(none)>
Date:   Sun Jul 1 17:08:09 2012 -0500

    just removing .pycs

commit b8f714128aa39f6a0351f146b6d40c316ae7eb0c
Author: Michael Pace <mpace1027@gmail.com>
Date:   Sun Jul 1 17:05:46 2012 -0500

    renamed type in link model to link_type

commit a7351d12ded73558a0834ee7f108f80931bd134e
Author: joe <joe@vbm13.(none)>
Date:   Sun Jul 1 16:59:58 2012 -0500

    export now queries the db

commit 2bac4e8d6149b0784d828df8964df00a079f4928
Author: Justin Salazar <jrsalazar89@gmail.com>
Date:   Sun Jul 1 16:43:31 2012 -0500

    Fixed person export w/ ref & links

commit 0b604b510d4bf358883e902f19385b37a3511acd
Author: andyhsu <andyhsu@vegrandis.(none)>
Date:   Sun Jul 1 16:37:57 2012 -0500

    Fixed issues with export

commit 6c18f60397722e9904151a28928a043a55b94885
Author: andyhsu <andyhsu@vegrandis.(none)>
Date:   Sun Jul 1 16:34:08 2012 -0500

    Added in ref for org/people

commit fd5043f666ed426764f9fa21633d7a4561049277
Author: joe <joe@vbm13.(none)>
Date:   Sun Jul 1 16:23:27 2012 -0500

    new stuff in export

commit 5d21dc70c32e41e2fe7c61ce7e50af585cb2f578
Author: joe <joe@vbm13.(none)>
Date:   Sun Jul 1 16:17:46 2012 -0500

    moved export to ExportHandler

commit bc288550a9c20dc63f2479bd91d8ee56ad06bf69
Author: joe <joe@vbm13.(none)>
Date:   Sun Jul 1 16:15:47 2012 -0500

    moved export to ExportHandler

commit 752528714cd82468c0ae5da32638584a94b8542f
Merge: d8eb408 747198d
Author: Michael Pace <mpace1027@gmail.com>
Date:   Sun Jul 1 16:05:22 2012 -0500

    merged

commit d8eb40807f439791f283e13f1a4fa063cae62f1a
Author: Michael Pace <mpace1027@gmail.com>
Date:   Sun Jul 1 16:04:15 2012 -0500

    crisis exports done

commit 4e9a31cf42d9380ab1fb95c38018447a676f3651
Author: Jerome Martinez <jerome.e.martinez@gmail.com>
Date:   Sun Jul 1 15:59:09 2012 -0500

    organizing Import function...separated into diff files

commit 747198d05d1948db0b7b6c456d51e356313b54de
Merge: f8fcd00 4ff9bf5
Author: Justin Salazar <jrsalazar89@gmail.com>
Date:   Sun Jul 1 15:43:28 2012 -0500

    Merge branch 'master' of https://github.com/jromeem/cs373-wc

commit f8fcd00ce097b76d2b289581c5a98a6852c0748e
Author: Justin Salazar <jrsalazar89@gmail.com>
Date:   Sun Jul 1 15:40:43 2012 -0500

    Added person to export

commit 4ff9bf54343f81786b1fe93e2a6fb3c27c541f82
Author: andyhsu <andyhsu@vegrandis.(none)>
Date:   Sun Jul 1 15:15:15 2012 -0500

    Added orgs to export

commit 8f000371ed2282d271406c0668875ca22acb6b74
Author: Michael Pace <mpace1027@gmail.com>
Date:   Sun Jul 1 14:35:08 2012 -0500

    starting export the right way...

commit 8c46bbcd2cc125de49c3240f905abb5e46195048
Author: Michael Pace <mpace1027@gmail.com>
Date:   Sun Jul 1 13:56:20 2012 -0500

    started export

commit 3dce222fe0b68a328b145597c1f2c7acd3aa8baa
Author: Michael Pace <mpace1027@gmail.com>
Date:   Sat Jun 30 18:41:18 2012 -0500

    fixed validation

commit 1f32da90e46aaffbe3755cd08ce17601090fe263
Author: Michael Pace <mpace1027@gmail.com>
Date:   Sat Jun 30 18:39:36 2012 -0500

    beginning to export

commit ed72a495ff0f7db8d02e3d3ee504cf3ce95179be
Author: Jerome Martinez <jerome.e.martinez@gmail.com>
Date:   Sat Jun 30 17:50:23 2012 -0500

    export page

commit 09e6f6f5cf2ab7516cdcd5c535816e732126ce12
Author: Jerome Martinez <jerome.e.martinez@gmail.com>
Date:   Sat Jun 30 16:57:50 2012 -0500

    lsdfjlsdkjf

commit e9f763b901a0fe3f041262a74e582ffcfc454ea9
Merge: e1a7b24 dbbd8e3
Author: Jerome Martinez <jerome.e.martinez@gmail.com>
Date:   Sat Jun 30 16:57:24 2012 -0500

    Merge branch 'master' of github.com:jromeem/cs373-wc

commit e1a7b24878f6835343f2e1f657df702214347d2c
Author: Jerome Martinez <jerome.e.martinez@gmail.com>
Date:   Sat Jun 30 16:56:48 2012 -0500

    small changes

commit dbbd8e3f500ffda4dc91af5ff0d1b0fc7cf4c592
Author: Michael Pace <mpace1027@gmail.com>
Date:   Sat Jun 30 16:53:11 2012 -0500

    fixed mistake in org model building

commit 37362d19e9a962b707d8435b02b5f8f9f22d6f55
Merge: dfd3c42 f74684d
Author: Jerome Martinez <jerome.e.martinez@gmail.com>
Date:   Sat Jun 30 16:45:27 2012 -0500

    Merge branch 'master' of github.com:jromeem/cs373-wc

commit dfd3c42385ec24b24de3fbff2fe605736a094e45
Author: Jerome Martinez <jerome.e.martinez@gmail.com>
Date:   Sat Jun 30 16:44:49 2012 -0500

    start export page

commit f74684d8754a3298bcd5f47fa9b576eaf5387987
Author: Harrison He <gold831@Jinqing-HuangmatoMacBook-Pro.local>
Date:   Sat Jun 30 16:38:28 2012 -0500

    add people main3

commit 76686945a42155dc4292badcb44aef470a28ac01
Author: Harrison He <gold831@Jinqing-HuangmatoMacBook-Pro.local>
Date:   Sat Jun 30 16:24:13 2012 -0500

    add people main2

commit d205d5030d3f9af3ef8aa64753deee02eb696c44
Author: Harrison He <gold831@Jinqing-HuangmatoMacBook-Pro.local>
Date:   Sat Jun 30 16:22:03 2012 -0500

    add people main

commit f69f80611b38353f86419b1336fa059c3d12e39e
Merge: f234634 77d7a0c
Author: Michael Pace <mpace1027@gmail.com>
Date:   Sat Jun 30 16:18:21 2012 -0500

    Merge branch 'master' of https://github.com/jromeem/cs373-wc

commit f234634e873d5dfa0cbc274988b2135388b3c08b
Author: Michael Pace <mpace1027@gmail.com>
Date:   Sat Jun 30 16:18:00 2012 -0500

    crisis import working

commit 77d7a0c293797db8a2e38fa953044991e6010bae
Author: Jerome Martinez <jerome.e.martinez@gmail.com>
Date:   Sat Jun 30 15:57:13 2012 -0500

    orgs xml parsing-data storing into models

commit a9cd6ff7da4a28c5491b093ea2e7ccf1a3decde7
Author: Michael Pace <mpace1027@gmail.com>
Date:   Sat Jun 30 15:48:54 2012 -0500

    crisis import working?

commit 3b8c69753cafc5e83790f84952d0956c06673cff
Author: Michael Pace <mpace1027@gmail.com>
Date:   Sat Jun 30 14:57:52 2012 -0500

    another ex

commit 24959fb4a47fa68a12ff0b83e0f3b0386458aada
Author: Michael Pace <mpace1027@gmail.com>
Date:   Sat Jun 30 14:55:35 2012 -0500

    IT WORKS OMFG

commit 7a256552e44ab73eb13b4326c32699cc308fde4e
Merge: 4a624f2 c2d7bf7
Author: Michael Pace <mpace1027@gmail.com>
Date:   Sat Jun 30 14:44:25 2012 -0500

    Merge branch 'master' of https://github.com/jromeem/cs373-wc

commit 4a624f2ea1f00d61804b7950edb6fb763e7cfaf0
Merge: 3b36c16 fe3e072
Author: Michael Pace <mpace1027@gmail.com>
Date:   Sat Jun 30 14:44:07 2012 -0500

    attempt to merge validation and import stuff

commit c2d7bf7786855e38178c542e2e6d1d220be9c9c0
Author: Harrison He <gold831@Jinqing-HuangmatoMacBook-Pro.local>
Date:   Sat Jun 30 14:38:41 2012 -0500

    xml validator3

commit fe3e072dc489fc9811c4abddfcd22b4d8e67b4b7
Author: Harrison He <gold831@Jinqing-HuangmatoMacBook-Pro.local>
Date:   Sat Jun 30 14:30:06 2012 -0500

    xml validator2

commit 3b36c16e7a56a73c14e7be59db93a4649135e1f3
Author: Michael Pace <mpace1027@gmail.com>
Date:   Sat Jun 30 14:30:01 2012 -0500

    beginning to import into datastore

commit bb09ced39c1ab40b5c5d31aac67d19f6923d7c7a
Author: Harrison He <gold831@Jinqing-HuangmatoMacBook-Pro.local>
Date:   Sat Jun 30 14:28:28 2012 -0500

    xml validator

commit 46427bdd05c82dd81fa54febb61c3c33776d5e22
Author: joe <joe@joe-VB32.(none)>
Date:   Fri Jun 29 13:58:09 2012 -0500

    more fix attempts

commit c9e725da57161c64450b3833e5e00001a025237f
Author: joe <joe@joe-VB32.(none)>
Date:   Fri Jun 29 13:54:29 2012 -0500

    attempted fix to error in deployed version

commit 738fde4182ff5bf0ff975017c9a6112fe9d21e3a
Author: joe <joe@joe-VB32.(none)>
Date:   Thu Jun 28 21:05:25 2012 -0500

    fixes weird type errors in models

commit 07359ea35829a28c47cf489bbe436c8a6a8ab287
Author: joe <joe@joe-K53U.(none)>
Date:   Thu Jun 28 20:02:24 2012 -0500

    fixing models.. again

commit f0e0142a6c42a3ad2dce7d75b7288713dc035187
Author: joe <joe@joe-K53U.(none)>
Date:   Thu Jun 28 20:01:17 2012 -0500

    fixing models

commit 054fded2d49efa391c11c8f9eb305a43fb30191c
Merge: 46bbcc0 d09836e
Author: joe <joe@joe-K53U.(none)>
Date:   Thu Jun 28 19:53:02 2012 -0500

    fix conflicts

commit 46bbcc0c38cf9937e23569e2fee7f4c091ba6dda
Author: joe <joe@joe-K53U.(none)>
Date:   Thu Jun 28 19:48:05 2012 -0500

    more modelstuff

commit d09836ee1647a4c957e1fa10675ec0630ad62833
Author: Jerome Martinez <jerome.e.martinez@gmail.com>
Date:   Thu Jun 28 19:36:02 2012 -0500

    person model

commit e8c150390807b0a5a96c6f851e78f5f3e75a1156
Author: Michael Pace <mpace1027@gmail.com>
Date:   Thu Jun 28 19:29:29 2012 -0500

    updaed links model

commit 1415bf07b1c132dcfeff85298e3255ce10c3fd88
Merge: 4db6b65 b509e9a
Author: joe <joe@joe-K53U.(none)>
Date:   Thu Jun 28 19:24:28 2012 -0500

    Merge branch 'master' of https://github.com/jromeem/cs373-wc

commit 4db6b65ca3392724f8e5bad952a95232b407831c
Author: joe <joe@joe-K53U.(none)>
Date:   Thu Jun 28 19:24:23 2012 -0500

    working on models

commit b509e9a6983289db84c223365e6c50bd3c716c5b
Merge: 6539d9f f97880b
Author: Michael Pace <mpace1027@gmail.com>
Date:   Thu Jun 28 19:23:31 2012 -0500

    Merge branch 'master' of https://github.com/jromeem/cs373-wc

commit 6539d9f2aaad232ea5b5a3bd947d04db1ac374ee
Author: Michael Pace <mpace1027@gmail.com>
Date:   Thu Jun 28 19:23:08 2012 -0500

    crisis model

commit f97880b9e69e7781b67679359d1b98aa583069e3
Author: andyhsu <andyhsu@ubuntu.(none)>
Date:   Thu Jun 28 19:17:14 2012 -0500

    added info to xml instance

commit c970a7c0b8ed145877758234c4c10b067faecca0
Author: joe <joe@joe-K53U.(none)>
Date:   Thu Jun 28 19:05:01 2012 -0500

    schema and instance tweaks

commit 8e063f50916ac506869d6839020cb1baf07b39c2
Author: Harrison He <gold831@Jinqing-HuangmatoMacBook-Pro.local>
Date:   Thu Jun 28 18:50:27 2012 -0500

    schema and instance

commit 6692fb19ec36e2c061de189e12c2cb1604392b66
Merge: e48d553 b0ad8a6
Author: joe <joe@joe-K53U.(none)>
Date:   Thu Jun 28 18:45:01 2012 -0500

    Merge branch 'master' of https://github.com/jromeem/cs373-wc

commit e48d553c7148e44b4dc0015d6e9d97da3900a2d1
Author: joe <joe@joe-K53U.(none)>
Date:   Thu Jun 28 18:44:48 2012 -0500

    more formatting in import

commit b0ad8a6c97786666c764d4beec68803442b23c7e
Author: Harrison He <gold831@Jinqing-HuangmatoMacBook-Pro.local>
Date:   Thu Jun 28 18:34:50 2012 -0500

    schema and instance

commit 3f516779cdfb242f37550ce3a5def2853131b9ee
Merge: 18e8522 45bdb44
Author: joe <joe@joe-K53U.(none)>
Date:   Thu Jun 28 18:34:21 2012 -0500

    Merge branch 'master' of https://github.com/jromeem/cs373-wc

commit 18e8522931d5302f9ce0e30f88fb8128ee7b7259
Author: joe <joe@joe-K53U.(none)>
Date:   Thu Jun 28 18:33:52 2012 -0500

    changed import

commit 45bdb44729c42502262dab4645ba6e776ccd21b9
Author: Michael Pace <mpace1027@gmail.com>
Date:   Thu Jun 28 18:26:33 2012 -0500

    updated index.html

commit 9705739affa42013f8daeaae9ec5222ef65091c5
Author: Michael Pace <mpace1027@gmail.com>
Date:   Thu Jun 28 18:25:53 2012 -0500

    updated index.html

commit a25c0ca15585b5d9745b5e3327eb94d9ea524ac2
Author: Michael Pace <mpace1027@gmail.com>
Date:   Thu Jun 28 18:23:43 2012 -0500

    updated index.html

commit c69e2bbbe8cf9d752b6ab1b3a8088bfeb9c6be11
Author: Michael Pace <mpace1027@gmail.com>
Date:   Thu Jun 28 18:22:44 2012 -0500

    updated index.html

commit d76ad3c4e0c0ecf714438e933d93419bded689dc
Author: Michael Pace <mpace1027@gmail.com>
Date:   Thu Jun 28 18:20:57 2012 -0500

    updated index.html

commit 70d71cf5bce83d4ebba399cd349980baf9c3c471
Merge: b31b36b 6df29f6
Author: Michael Pace <mpace1027@gmail.com>
Date:   Thu Jun 28 18:10:18 2012 -0500

    Merge branch 'master' of https://github.com/jromeem/cs373-wc

commit 6df29f64a9200746635e33b891605dca7e26f624
Author: Harrison He <gold831@Jinqing-HuangmatoMacBook-Pro.local>
Date:   Thu Jun 28 18:09:29 2012 -0500

    schema and instance

commit b31b36bde226f4096b86c5505025e84424759612
Merge: dd7973e af868f3
Author: Michael Pace <mpace1027@gmail.com>
Date:   Thu Jun 28 17:43:56 2012 -0500

    resolving conflicts

commit dd7973e992a09c68c21ec943a0e302ed5652882a
Author: Michael Pace <mpace1027@gmail.com>
Date:   Thu Jun 28 17:42:23 2012 -0500

    some mainhandler changes

commit af868f3f6b21f5ad069216c1543e46cc32c69d26
Author: joe <joe@joe-K53U.(none)>
Date:   Thu Jun 28 17:41:37 2012 -0500

    moved import handling

commit f529ffd118b29895faf02425eabcef7da824b8e1
Merge: 09cfd7b a62d06f
Author: joe <joe@joe-K53U.(none)>
Date:   Thu Jun 28 17:17:28 2012 -0500

    git is obnoxious

commit 09cfd7be061884901487a88e8c1006738f9e76be
Author: joe <joe@joe-K53U.(none)>
Date:   Thu Jun 28 17:16:13 2012 -0500

    gets models

commit a62d06fb23f9944fb960675279c4e0b01778c0d8
Author: harrisonhe <harrisonhe824@gmail.com>
Date:   Thu Jun 28 16:53:53 2012 -0500

    Update master

commit 5f1e4fad137093c610e44f58afdd8992fc03127d
Merge: fc4d283 572b553
Author: Jerome Martinez <jerome.e.martinez@gmail.com>
Date:   Thu Jun 28 16:39:11 2012 -0500

    Merge branch 'master' of github.com:jromeem/cs373-wc

commit 572b5536e939f710ad1293c0adebe00958ef080f
Author: Michael Pace <mpace1027@gmail.com>
Date:   Thu Jun 28 16:38:50 2012 -0500

    xml import updates

commit fc4d283a97418ed5cd8533492d9398ed3a063b8f
Merge: bfe89ba 557dec7
Author: Jerome Martinez <jerome.e.martinez@gmail.com>
Date:   Thu Jun 28 16:27:08 2012 -0500

    Merge branch 'master' of github.com:jromeem/cs373-wc

commit 2e8395818b95305ee6d81298451944055693dba5
Merge: bb0a8fd 557dec7
Author: joe <joe@joe-K53U.(none)>
Date:   Thu Jun 28 16:14:27 2012 -0500

    Merge branch 'master' of https://github.com/jromeem/cs373-wc

commit 557dec76697f686c24b6d6250178251679f0fc33
Author: Michael Pace <mpace1027@gmail.com>
Date:   Thu Jun 28 16:13:38 2012 -0500

    push for joe

commit 3c0f2e574cbe4a9258c6ec183bd521ab971cff9e
Author: Michael Pace <mpace1027@gmail.com>
Date:   Thu Jun 28 16:13:23 2012 -0500

    push for joe

commit bfe89ba1317d53501fcee74b843bb926ce452bd5
Author: Jerome Martinez <jerome.e.martinez@gmail.com>
Date:   Thu Jun 28 16:12:22 2012 -0500

    api test added

commit bb0a8fd919985ccdcd31452bc331d56e99949906
Merge: 4345790 2278bf5
Author: joe <joe@joe-K53U.(none)>
Date:   Thu Jun 28 16:11:59 2012 -0500

    merging

commit 43457906e383c5d88e2f34e6fefa6fb3f8b26c97
Author: joe <joe@joe-K53U.(none)>
Date:   Thu Jun 28 16:10:33 2012 -0500

    will be merged

commit 2278bf51faf2ed7ec0b05a9277bade5d30e9c25b
Merge: 3e1e172 fedcba6
Author: Jerome Martinez <jerome.e.martinez@gmail.com>
Date:   Thu Jun 28 15:58:21 2012 -0500

    Merge branch 'master' of github.com:jromeem/cs373-wc

commit 3e1e17265169bf3a6263c109b5703210bbef03d4
Author: Jerome Martinez <jerome.e.martinez@gmail.com>
Date:   Thu Jun 28 15:57:57 2012 -0500

    added gaeunit

commit fedcba6077fe0d13e683c286841b9f2a2b785541
Author: Michael Pace <mpace1027@gmail.com>
Date:   Thu Jun 28 15:57:09 2012 -0500

    xml import update

commit 7054af36a0724c6bc29b5c6b892bfcb8595eb378
Author: Michael Pace <mpace1027@gmail.com>
Date:   Thu Jun 28 15:26:31 2012 -0500

    updated wafrica

commit 0ab8ff80eb8e9d02be41542125656c158d1d54bc
Author: Michael Pace <mpace1027@gmail.com>
Date:   Thu Jun 28 15:25:37 2012 -0500

    fixed error in head of html files

commit 20280be6abb9a525bfe294ff2a9971c8900eb4a3
Author: Jerome Martinez <jerome.e.martinez@gmail.com>
Date:   Thu Jun 28 15:10:08 2012 -0500

    added gaeunit

commit f8eda6cdba72ea72d0d7acb28de1e20b8cd55cd5
Author: joe <joe@joe-K53U.(none)>
Date:   Wed Jun 27 17:44:12 2012 -0500

    parses xml file to elementtree

commit bcfedaf0201bb18cc822d21ea698a2786a6647de
Author: joe <joe@joe-K53U.(none)>
Date:   Wed Jun 27 16:03:08 2012 -0500

    uploads file as fieldstorage and prints it back

commit 081cee23110764f0575a5415a7b075146edc40a9
Author: joe <joe@joe-K53U.(none)>
Date:   Wed Jun 27 12:13:17 2012 -0500

    adds import form

commit 9fd1cba3fee753350d089a7e6cad9b9da5624c34
Author: Jerome Martinez <jerome.e.martinez@gmail.com>
Date:   Wed Jun 27 02:06:02 2012 -0500

    fixed dead links/typos

commit affdef7694a8f7478b21d1fdb0eaa5732ae9fb18
Author: Jerome Martinez <jerome.e.martinez@gmail.com>
Date:   Tue Jun 26 21:47:14 2012 -0500

    deleted misc files

commit 74926f5810c41b0d881980b04c9e64be3cf76b76
Author: Jerome Martinez <jerome.e.martinez@gmail.com>
Date:   Tue Jun 26 21:20:25 2012 -0500

    index.html

commit 1ed5c0a1283cae727c34bb993af909c2736e1db1
Author: andyhsu <andyhsu@andyhsu.(none)>
Date:   Tue Jun 26 21:00:14 2012 -0500

    DOne formatting html files to template

commit f7f965fe87585693e2afea3514efe59d89dd1aad
Author: andyhsu <andyhsu@andyhsu.(none)>
Date:   Tue Jun 26 20:22:32 2012 -0500

    Added template, corrected data mistake, half done formatting

commit d8727cc42a69300def5f927d4d592b021039bac6
Author: Michael Pace <mpace1027@gmail.com>
Date:   Tue Jun 26 19:46:44 2012 -0500

    updated haiti

commit 26a1ac49402ec796d179747759831d72049bced1
Author: Michael Pace <mpace1027@gmail.com>
Date:   Tue Jun 26 18:46:18 2012 -0500

    updated haiti page. we can use that as a template

commit 066eaecfd518b82c664ef08a73cafd400f966628
Author: Jerome Martinez <jerome.e.martinez@gmail.com>
Date:   Tue Jun 26 17:44:38 2012 -0500

    added html static files

commit cc315c3d9895be983b63cc4d8c66a4415025fcbd
Author: Michael Pace <mpace1027@gmail.com>
Date:   Tue Jun 26 17:33:01 2012 -0500

    added static folder

commit 69d937f1f7ceb0dd49738c420fc969d4e41dbd9e
Author: Michael Pace <mpace1027@gmail.com>
Date:   Tue Jun 26 17:32:32 2012 -0500

    added static folder

commit a1395bda028817153a8aff0ac7c6851756985e74
Merge: 1731faf 577d5b3
Author: joe <joe@joe-K53U.(none)>
Date:   Tue Jun 26 17:22:51 2012 -0500

    Merge branch 'master' of https://github.com/jromeem/cs373-wc

commit 1731fafcbd3ca5c3422869937173e9bc5e3003af
Author: joe <joe@joe-K53U.(none)>
Date:   Tue Jun 26 17:22:14 2012 -0500

    updates research data

commit 577d5b32e24181ead7672e62dd2a604903923b39
Author: harrisonhe <harrisonhe824@gmail.com>
Date:   Tue Jun 26 17:00:23 2012 -0500

    Update master

commit 667eff6f40638862814a6aa16f90072d6e51a776
Author: harrisonhe <harrisonhe824@gmail.com>
Date:   Tue Jun 26 16:59:12 2012 -0500

    Update master

commit 174c38bdac18849da2c0d7019bc8263e71e06fd6
Author: harrisonhe <harrisonhe824@gmail.com>
Date:   Tue Jun 26 16:57:03 2012 -0500

    Update master

commit a87157c5b01c0b8b0759098857d6316d94045541
Author: Michael Pace <mpace1027@gmail.com>
Date:   Tue Jun 26 16:53:31 2012 -0500

    updated request handler

commit 6a124ff6f06e2153882c9b130fd5dd2fb9ef0339
Author: Michael Pace <mpace1027@gmail.com>
Date:   Tue Jun 26 15:51:11 2012 -0500

    added ws directory

commit a4ee831b1e558b18b882f00d54e350278aeb72b4
Author: Jerome Martinez <jerome.e.martinez@gmail.com>
Date:   Tue Jun 26 14:25:27 2012 -0500

    added research

commit 21584ad3e73ec8c3e295883fd3dc7b70e480f2d5
Author: Jerome Martinez <jerome.e.martinez@gmail.com>
Date:   Mon Jun 25 23:38:10 2012 -0500

    changed repo name; updated readme

commit c6fafdce237793ae2352565b278f6c64bdb27f7f
Author: Jerome Martinez <jerome.e.martinez@gmail.com>
Date:   Mon Jun 25 01:28:13 2012 -0500

    added a few files

commit 10e439321f29cff6023e207657b1926c02a2aceb
Author: Jerome Martinez <jerome.e.martinez@gmail.com>
Date:   Sun Jun 24 19:03:41 2012 -0500

    first commit
